android/app/build/intermediates/manifest_merge_blame_file/release/processReleaseMainManifest/manifest-merger-blame-release-report.txt
1<?xml version="1.0" encoding="utf-8"?>
2<manifest xmlns:android="http://schemas.android.com/apk/res/android"
3    package="com.example.simple_text_saver"
4    android:versionCode="1"
5    android:versionName="1.0.0" >
6
7    <uses-sdk
8        android:minSdkVersion="21"
9        android:targetSdkVersion="35" />
10    <!--
11         Required to query activities that can process text, see:
12         https://developer.android.com/training/package-visibility and
13         https://developer.android.com/reference/android/content/Intent#ACTION_PROCESS_TEXT.
14
15         In particular, this is used by the Flutter engine in io.flutter.plugin.text.ProcessTextPlugin.
16    -->
17    <queries>
17-->src\main\AndroidManifest.xml:45:5-50:15
18        <intent>
18-->src\main\AndroidManifest.xml:46:9-49:18
19            <action android:name="android.intent.action.PROCESS_TEXT" />
19-->src\main\AndroidManifest.xml:47:13-72
19-->src\main\AndroidManifest.xml:47:21-70
20
21            <data android:mimeType="text/plain" />
21-->src\main\AndroidManifest.xml:48:13-50
21-->src\main\AndroidManifest.xml:48:19-48
22        </intent>
23    </queries>
24
25    <permission
25-->[androidx.core:core:1.13.1] AndroidManifest.xml:22:5-24:47
26        android:name="com.example.simple_text_saver.DYNAMIC_RECEIVER_NOT_EXPORTED_PERMISSION"
26-->[androidx.core:core:1.13.1] AndroidManifest.xml:23:9-81
27        android:protectionLevel="signature" />
27-->[androidx.core:core:1.13.1] AndroidManifest.xml:24:9-44
28
29    <uses-permission android:name="com.example.simple_text_saver.DYNAMIC_RECEIVER_NOT_EXPORTED_PERMISSION" />
29-->[androidx.core:core:1.13.1] AndroidManifest.xml:26:5-97
29-->[androidx.core:core:1.13.1] AndroidManifest.xml:26:22-94
30
31    <application
32        android:name="android.app.Application"
32-->src\main\AndroidManifest.xml:4:9-42
33        android:appComponentFactory="androidx.core.app.CoreComponentFactory"
33-->[androidx.core:core:1.13.1] AndroidManifest.xml:28:18-86
34        android:extractNativeLibs="true"
35        android:icon="@mipmap/ic_launcher"
35-->src\main\AndroidManifest.xml:5:9-43
36        android:label="simple_text_saver" >
36-->src\main\AndroidManifest.xml:3:9-42
37        <activity
37-->src\main\AndroidManifest.xml:6:9-33:20
38            android:name="com.example.simple_text_saver.MainActivity"
38-->src\main\AndroidManifest.xml:7:13-41
39            android:configChanges="orientation|keyboardHidden|keyboard|screenSize|smallestScreenSize|locale|layoutDirection|fontScale|screenLayout|density|uiMode"
39-->src\main\AndroidManifest.xml:12:13-163
40            android:exported="true"
40-->src\main\AndroidManifest.xml:8:13-36
41            android:hardwareAccelerated="true"
41-->src\main\AndroidManifest.xml:13:13-47
42            android:launchMode="singleTop"
42-->src\main\AndroidManifest.xml:9:13-43
43            android:taskAffinity=""
43-->src\main\AndroidManifest.xml:10:13-36
44            android:theme="@style/LaunchTheme"
44-->src\main\AndroidManifest.xml:11:13-47
45            android:windowSoftInputMode="adjustResize" >
45-->src\main\AndroidManifest.xml:14:13-55
46
47            <!--
48                 Specifies an Android theme to apply to this Activity as soon as
49                 the Android process has started. This theme is visible to the user
50                 while the Flutter UI initializes. After that, this theme continues
51                 to determine the Window background behind the Flutter UI.
52            -->
53            <meta-data
53-->src\main\AndroidManifest.xml:19:13-22:17
54                android:name="io.flutter.embedding.android.NormalTheme"
54-->src\main\AndroidManifest.xml:20:15-70
55                android:resource="@style/NormalTheme" />
55-->src\main\AndroidManifest.xml:21:15-52
56
57            <intent-filter>
57-->src\main\AndroidManifest.xml:23:13-26:29
58                <action android:name="android.intent.action.MAIN" />
58-->src\main\AndroidManifest.xml:24:17-68
58-->src\main\AndroidManifest.xml:24:25-66
59
60                <category android:name="android.intent.category.LAUNCHER" />
60-->src\main\AndroidManifest.xml:25:17-76
60-->src\main\AndroidManifest.xml:25:27-74
61            </intent-filter>
62            <!-- Add this intent-filter to receive shared text -->
63            <intent-filter>
63-->src\main\AndroidManifest.xml:28:13-32:29
64                <action android:name="android.intent.action.SEND" />
64-->src\main\AndroidManifest.xml:29:17-69
64-->src\main\AndroidManifest.xml:29:25-66
65
66                <category android:name="android.intent.category.DEFAULT" />
66-->src\main\AndroidManifest.xml:30:17-76
66-->src\main\AndroidManifest.xml:30:27-73
67
68                <data android:mimeType="text/plain" />
68-->src\main\AndroidManifest.xml:48:13-50
68-->src\main\AndroidManifest.xml:48:19-48
69            </intent-filter>
70        </activity>
71        <!--
72             Don't delete the meta-data below.
73             This is used by the Flutter tool to generate GeneratedPluginRegistrant.java
74        -->
75        <meta-data
75-->src\main\AndroidManifest.xml:36:9-38:33
76            android:name="flutterEmbedding"
76-->src\main\AndroidManifest.xml:37:13-44
77            android:value="2" />
77-->src\main\AndroidManifest.xml:38:13-30
78
79        <uses-library
79-->[androidx.window:window:1.2.0] AndroidManifest.xml:23:9-25:40
80            android:name="androidx.window.extensions"
80-->[androidx.window:window:1.2.0] AndroidManifest.xml:24:13-54
81            android:required="false" />
81-->[androidx.window:window:1.2.0] AndroidManifest.xml:25:13-37
82        <uses-library
82-->[androidx.window:window:1.2.0] AndroidManifest.xml:26:9-28:40
83            android:name="androidx.window.sidecar"
83-->[androidx.window:window:1.2.0] AndroidManifest.xml:27:13-51
84            android:required="false" />
84-->[androidx.window:window:1.2.0] AndroidManifest.xml:28:13-37
85
86        <provider
86-->[androidx.lifecycle:lifecycle-process:2.7.0] AndroidManifest.xml:24:9-32:20
87            android:name="androidx.startup.InitializationProvider"
87-->[androidx.lifecycle:lifecycle-process:2.7.0] AndroidManifest.xml:25:13-67
88            android:authorities="com.example.simple_text_saver.androidx-startup"
88-->[androidx.lifecycle:lifecycle-process:2.7.0] AndroidManifest.xml:26:13-68
89            android:exported="false" >
89-->[androidx.lifecycle:lifecycle-process:2.7.0] AndroidManifest.xml:27:13-37
90            <meta-data
90-->[androidx.lifecycle:lifecycle-process:2.7.0] AndroidManifest.xml:29:13-31:52
91                android:name="androidx.lifecycle.ProcessLifecycleInitializer"
91-->[androidx.lifecycle:lifecycle-process:2.7.0] AndroidManifest.xml:30:17-78
92                android:value="androidx.startup" />
92-->[androidx.lifecycle:lifecycle-process:2.7.0] AndroidManifest.xml:31:17-49
93            <meta-data
93-->[androidx.profileinstaller:profileinstaller:1.3.1] AndroidManifest.xml:29:13-31:52
94                android:name="androidx.profileinstaller.ProfileInstallerInitializer"
94-->[androidx.profileinstaller:profileinstaller:1.3.1] AndroidManifest.xml:30:17-85
95                android:value="androidx.startup" />
95-->[androidx.profileinstaller:profileinstaller:1.3.1] AndroidManifest.xml:31:17-49
96        </provider>
97
98        <receiver
98-->[androidx.profileinstaller:profileinstaller:1.3.1] AndroidManifest.xml:34:9-52:20
99            android:name="androidx.profileinstaller.ProfileInstallReceiver"
99-->[androidx.profileinstaller:profileinstaller:1.3.1] AndroidManifest.xml:35:13-76
100            android:directBootAware="false"
100-->[androidx.profileinstaller:profileinstaller:1.3.1] AndroidManifest.xml:36:13-44
101            android:enabled="true"
101-->[androidx.profileinstaller:profileinstaller:1.3.1] AndroidManifest.xml:37:13-35
102            android:exported="true"
102-->[androidx.profileinstaller:profileinstaller:1.3.1] AndroidManifest.xml:38:13-36
103            android:permission="android.permission.DUMP" >
103-->[androidx.profileinstaller:profileinstaller:1.3.1] AndroidManifest.xml:39:13-57
104            <intent-filter>
104-->[androidx.profileinstaller:profileinstaller:1.3.1] AndroidManifest.xml:40:13-42:29
105                <action android:name="androidx.profileinstaller.action.INSTALL_PROFILE" />
105-->[androidx.profileinstaller:profileinstaller:1.3.1] AndroidManifest.xml:41:17-91
105-->[androidx.profileinstaller:profileinstaller:1.3.1] AndroidManifest.xml:41:25-88
106            </intent-filter>
107            <intent-filter>
107-->[androidx.profileinstaller:profileinstaller:1.3.1] AndroidManifest.xml:43:13-45:29
108                <action android:name="androidx.profileinstaller.action.SKIP_FILE" />
108-->[androidx.profileinstaller:profileinstaller:1.3.1] AndroidManifest.xml:44:17-85
108-->[androidx.profileinstaller:profileinstaller:1.3.1] AndroidManifest.xml:44:25-82
109            </intent-filter>
110            <intent-filter>
110-->[androidx.profileinstaller:profileinstaller:1.3.1] AndroidManifest.xml:46:13-48:29
111                <action android:name="androidx.profileinstaller.action.SAVE_PROFILE" />
111-->[androidx.profileinstaller:profileinstaller:1.3.1] AndroidManifest.xml:47:17-88
111-->[androidx.profileinstaller:profileinstaller:1.3.1] AndroidManifest.xml:47:25-85
112            </intent-filter>
113            <intent-filter>
113-->[androidx.profileinstaller:profileinstaller:1.3.1] AndroidManifest.xml:49:13-51:29
114                <action android:name="androidx.profileinstaller.action.BENCHMARK_OPERATION" />
114-->[androidx.profileinstaller:profileinstaller:1.3.1] AndroidManifest.xml:50:17-95
114-->[androidx.profileinstaller:profileinstaller:1.3.1] AndroidManifest.xml:50:25-92
115            </intent-filter>
116        </receiver>
117    </application>
118
119</manifest>